[01:34:09.814] [INFO] storybook v10.3.3
[01:34:09.908] [ERROR] [38;2;241;97;97mSB_CORE-SERVER_0007 (MainFileEvaluationError): Storybook couldn't evaluate your [33m.storybook/main.js[39m file.

Original error:
[37mError [ERR_MODULE_NOT_FOUND]: Cannot find package 'remark-gfm' imported from /.storybook/main.js
    at Object.getPackageJSONURL (node:internal/modules/package_json_reader:301:9)
    at packageResolve (node:internal/modules/esm/resolve:768:81)
    at moduleResolve (node:internal/modules/esm/resolve:859:18)
    at defaultResolve (node:internal/modules/esm/resolve:991:11)
    at nextResolve (node:internal/modules/esm/hooks:785:28)
    at AsyncLoaderHooksOnLoaderHookWorker.resolve (node:internal/modules/esm/hooks:269:30)
    at MessagePort.handleMessage (node:internal/modules/esm/worker:251:24)
    at [nodejs.internal.kHybridDispatch] (node:internal/event_target:843:20)
    at MessagePort.<anonymous> (node:internal/per_context/messageport:23:28)[39m[39m
    at loadMainConfig (file:///home/runner/.npm/_npx/6fe9a9991b157df1/node_modules/storybook/dist/_node-chunks/chunk-NQBOIYE4.js:11709:11)
    at async buildDevStandalone (file:///home/runner/.npm/_npx/6fe9a9991b157df1/node_modules/storybook/dist/core-server/index.js:7950:16)
    at async withTelemetry (file:///home/runner/.npm/_npx/6fe9a9991b157df1/node_modules/storybook/dist/_node-chunks/chunk-6PADJQ3N.js:218:12)
    at async dev (file:///home/runner/.npm/_npx/6fe9a9991b157df1/node_modules/storybook/dist/bin/core.js:2736:3)
    at async _Command.<anonymous> (file:///home/runner/.npm/_npx/6fe9a9991b157df1/node_modules/storybook/dist/bin/core.js:2806:92)
[01:34:09.912] [WARN] Broken build, fix the error above.
You may need to refresh the browser.
[01:34:09.916] [WARN]   Failed to load preset: "/home/runner/work/cuny-jour-static-site-template/cuny-jour-static-site-template/.storybook/main.js"
[01:34:09.917] [ERROR] Error [ERR_MODULE_NOT_FOUND]: Cannot find package 'remark-gfm' imported from ./.storybook/main.js
    at Object.getPackageJSONURL (node:internal/modules/package_json_reader:301:9)
    at packageResolve (node:internal/modules/esm/resolve:768:81)
    at moduleResolve (node:internal/modules/esm/resolve:859:18)
    at defaultResolve (node:internal/modules/esm/resolve:991:11)
    at nextResolve (node:internal/modules/esm/hooks:785:28)
    at AsyncLoaderHooksOnLoaderHookWorker.resolve (node:internal/modules/esm/hooks:269:30)
    at MessagePort.handleMessage (node:internal/modules/esm/worker:251:24)
    at [nodejs.internal.kHybridDispatch] (node:internal/event_target:843:20)
    at MessagePort.<anonymous> (node:internal/per_context/messageport:23:28)
[01:34:09.930] [INFO] Storybook collects completely anonymous usage telemetry. We use it to shape Storybook's roadmap and prioritize features. You can learn more, including how to opt out, at https://storybook.js.org/telemetry